<?xml version="1.0" encoding="UTF-8" ?>
<testsuite tests="4" failures="0" name="ApplicationTest" time="0.032" errors="0" skipped="0">
  <properties>
[...]
</properties>
  <testcase classname="ApplicationTest" name="testCreateShowRecetteByIdQuery" time="0.018"/>
  <testcase classname="ApplicationTest" name="testCreateAjouterRecetteQuery" time="0.013"/>
  <testcase classname="ApplicationTest" name="testAjouterRecetteWithNullStatement" time="0.001"/>
  <testcase classname="ApplicationTest" name="testShowRecetteById" time="0"/>
</testsuite>